<?xml version='1.1' encoding='UTF-8'?>
<result plugin="junit@1.49">
  <suites>
    <suite>
      <file>/home/dthibau/Formations/Jenkins/MyWork/SSHSlave/workspace/1_freestyle/application/target/surefire-reports/TEST-hello.app.DemoApplicationTest.xml</file>
      <name>hello.app.DemoApplicationTest</name>
      <duration>7.835</duration>
      <time>7.835</time>
      <enclosingBlocks/>
      <enclosingBlockNames/>
      <cases>
        <case>
          <duration>0.44</duration>
          <className>hello.app.DemoApplicationTest</className>
          <testName>contextLoads</testName>
          <skipped>false</skipped>
          <failedSince>0</failedSince>
        </case>
      </cases>
    </suite>
    <suite>
      <file>/home/dthibau/Formations/Jenkins/MyWork/SSHSlave/workspace/1_freestyle/library/target/surefire-reports/TEST-hello.service.MyServiceTest.xml</file>
      <name>hello.service.MyServiceTest</name>
      <duration>2.985</duration>
      <time>2.985</time>
      <enclosingBlocks/>
      <enclosingBlockNames/>
      <cases>
        <case>
          <duration>0.64</duration>
          <className>hello.service.MyServiceTest</className>
          <testName>contextLoads</testName>
          <skipped>false</skipped>
          <failedSince>0</failedSince>
        </case>
      </cases>
    </suite>
  </suites>
  <duration>10.82</duration>
  <keepLongStdio>false</keepLongStdio>
</result>