<?xml version='1.1' encoding='UTF-8'?>
<result plugin="junit@1.49">
  <suites>
    <suite>
      <file>/var/lib/jenkins/workspace/1_freestyle/application/target/surefire-reports/TEST-hello.app.DemoApplicationTest.xml</file>
      <name>hello.app.DemoApplicationTest</name>
      <duration>9.479</duration>
      <time>9.479</time>
      <enclosingBlocks/>
      <enclosingBlockNames/>
      <cases>
        <case>
          <duration>0.685</duration>
          <className>hello.app.DemoApplicationTest</className>
          <testName>contextLoads</testName>
          <skipped>false</skipped>
          <failedSince>0</failedSince>
        </case>
      </cases>
    </suite>
    <suite>
      <file>/var/lib/jenkins/workspace/1_freestyle/library/target/surefire-reports/TEST-hello.service.MyServiceTest.xml</file>
      <name>hello.service.MyServiceTest</name>
      <duration>4.329</duration>
      <time>4.329</time>
      <enclosingBlocks/>
      <enclosingBlockNames/>
      <cases>
        <case>
          <duration>0.605</duration>
          <className>hello.service.MyServiceTest</className>
          <testName>contextLoads</testName>
          <skipped>false</skipped>
          <failedSince>0</failedSince>
        </case>
      </cases>
    </suite>
  </suites>
  <duration>13.808001</duration>
  <keepLongStdio>false</keepLongStdio>
</result>